0 info it worked if it ends with ok
1 verbose cli [ '/usr/local/Cellar/node/5.4.1_1/bin/node',
1 verbose cli   '/usr/local/bin/npm',
1 verbose cli   'run',
1 verbose cli   'prebuild' ]
2 info using npm@3.10.8
3 info using node@v5.4.1
4 verbose run-script [ 'prebuild' ]
5 info lifecycle shooting-victims@0.0.1~prebuild: shooting-victims@0.0.1
6 verbose lifecycle shooting-victims@0.0.1~prebuild: unsafe-perm in lifecycle true
7 verbose lifecycle shooting-victims@0.0.1~prebuild: PATH: /usr/local/lib/node_modules/npm/bin/node-gyp-bin:/Users/jberlin/code/shooting-victims/node_modules/.bin:/usr/local/Cellar/node/5.4.1_1/bin:/Users/jberlin/bin:/usr/local/bin:/usr/bin:/bin:/usr/sbin:/sbin
8 verbose lifecycle shooting-victims@0.0.1~prebuild: CWD: /Users/jberlin/code/shooting-victims
9 silly lifecycle shooting-victims@0.0.1~prebuild: Args: [ '-c', 'run-p prebuild:*' ]
10 silly lifecycle shooting-victims@0.0.1~prebuild: Returned: code: 1  signal: null
11 info lifecycle shooting-victims@0.0.1~prebuild: Failed to exec prebuild script
12 verbose stack Error: shooting-victims@0.0.1 prebuild: `run-p prebuild:*`
12 verbose stack Exit status 1
12 verbose stack     at EventEmitter.<anonymous> (/usr/local/lib/node_modules/npm/lib/utils/lifecycle.js:255:16)
12 verbose stack     at emitTwo (events.js:87:13)
12 verbose stack     at EventEmitter.emit (events.js:172:7)
12 verbose stack     at ChildProcess.<anonymous> (/usr/local/lib/node_modules/npm/lib/utils/spawn.js:40:14)
12 verbose stack     at emitTwo (events.js:87:13)
12 verbose stack     at ChildProcess.emit (events.js:172:7)
12 verbose stack     at maybeClose (internal/child_process.js:821:16)
12 verbose stack     at Process.ChildProcess._handle.onexit (internal/child_process.js:211:5)
13 verbose pkgid shooting-victims@0.0.1
14 verbose cwd /Users/jberlin/code/shooting-victims
15 error Darwin 14.5.0
16 error argv "/usr/local/Cellar/node/5.4.1_1/bin/node" "/usr/local/bin/npm" "run" "prebuild"
17 error node v5.4.1
18 error npm  v3.10.8
19 error code ELIFECYCLE
20 error shooting-victims@0.0.1 prebuild: `run-p prebuild:*`
20 error Exit status 1
21 error Failed at the shooting-victims@0.0.1 prebuild script 'run-p prebuild:*'.
21 error Make sure you have the latest version of node.js and npm installed.
21 error If you do, this is most likely a problem with the shooting-victims package,
21 error not with npm itself.
21 error Tell the author that this fails on your system:
21 error     run-p prebuild:*
21 error You can get information on how to open an issue for this project with:
21 error     npm bugs shooting-victims
21 error Or if that isn't available, you can get their info via:
21 error     npm owner ls shooting-victims
21 error There is likely additional logging output above.
22 verbose exit [ 1, true ]
